1517098690652	geckodriver	INFO	geckodriver 0.19.1
1517098690671	geckodriver	INFO	Listening on 127.0.0.1:54099
1517098691939	mozrunner::runner	INFO	Running command: "/usr/bin/firefox" "-marionette" "-profile" "/tmp/rust_mozprofile.Dz05HCuAaP1r"
1517098698056	Marionette	INFO	Enabled via --marionette
1517098706033	Marionette	INFO	Listening on port 42455
1517098708242	Marionette	WARN	TLS certificate errors will be ignored for this session
[Parent 6219, Gecko_IOThread] WARNING: pipe error (73): 连接被对方重设: file /build/firefox-9j9NY8/firefox-58.0.2+build1/ipc/chromium/src/chrome/common/ipc_channel_posix.cc, line 353
1517098772513	geckodriver	INFO	geckodriver 0.19.1
1517098772530	geckodriver	INFO	Listening on 127.0.0.1:57865
1517098773732	mozrunner::runner	INFO	Running command: "/usr/bin/firefox" "-marionette" "-profile" "/tmp/rust_mozprofile.HNhFTWaT6lXE"
1517098775796	Marionette	INFO	Enabled via --marionette
1517098781583	geckodriver	INFO	geckodriver 0.19.1
1517098781599	geckodriver	INFO	Listening on 127.0.0.1:59855
1517098782794	mozrunner::runner	INFO	Running command: "/usr/bin/firefox" "-marionette" "-profile" "/tmp/rust_mozprofile.jMkgNiL6wfDf"
1517098783911	Marionette	INFO	Enabled via --marionette
1517098789290	Marionette	INFO	Listening on port 39275
1517098789583	Marionette	WARN	TLS certificate errors will be ignored for this session

(firefox:6512): LIBDBUSMENU-GTK-CRITICAL **: dbusmenu_menuitem_property_set_shortcut: assertion 'gtk_accelerator_valid(key, modifier)' failed
1517099265814	geckodriver	INFO	geckodriver 0.19.1
1517099265846	geckodriver	INFO	Listening on 127.0.0.1:36255
1517099266181	mozrunner::runner	INFO	Running command: "/usr/bin/firefox" "-marionette" "-profile" "/tmp/rust_mozprofile.EHJ6YSrx3LEX"
1517099270077	Marionette	INFO	Enabled via --marionette
1517099276790	Marionette	INFO	Listening on port 33893
1517099279594	Marionette	WARN	TLS certificate errors will be ignored for this session
[GFX1-]: Receive IPC close with reason=AbnormalShutdown
[Child 6844, Chrome_ChildThread] WARNING: pipe error (3): 连接被对方重设: file /build/firefox-9j9NY8/firefox-58.0.2+build1/ipc/chromium/src/chrome/common/ipc_channel_posix.cc, line 353
[GFX1-]: Receive IPC close with reason=AbnormalShutdown
[Child 6798, Chrome_ChildThread] WARNING: pipe error (3): 连接被对方重设: file /build/firefox-9j9NY8/firefox-58.0.2+build1/ipc/chromium/src/chrome/common/ipc_channel_posix.cc, line 353
